<?xml version="1.0" encoding="UTF-8"?>
<!-- Generated by org.testng.reporters.JUnitXMLReporter -->
<testsuite ignored="2" hostname="NTB-257" failures="0" tests="0" time="0.029" errors="0" timestamp="2023-01-13T15:22:01 CET">
  <testcase classname="Academy.SeleniumFrameworkAgain0901.StandAloneTest165ErrorValidations" name="productNotInCart" time="0.0">
    <ignored/>
  </testcase> <!-- productNotInCart -->
  <testcase classname="Academy.SeleniumFrameworkAgain0901.StandAloneTest165ErrorValidations" name="loginWrongCredentials" time="0.0">
    <ignored/>
  </testcase> <!-- loginWrongCredentials -->
</testsuite>
