<?xml version="1.0" encoding="UTF-8"?>
<!-- Generated by org.testng.reporters.JUnitXMLReporter -->
<testsuite ignored="1" hostname="NTB-257" failures="0" tests="2" name="Submit Order Test" time="32.504" errors="0" timestamp="2023-01-13T15:22:34 CET">
  <testcase classname="Academy.SeleniumFrameworkAgain0901.StandAloneTest171" name="submitOrder" time="10.151"/>
  <testcase classname="Academy.SeleniumFrameworkAgain0901.StandAloneTest171" name="submitOrder" time="10.613"/>
  <testcase classname="Academy.SeleniumFrameworkAgain0901.StandAloneTest171" name="ordersHistoryValidation" time="0.0">
    <ignored/>
  </testcase> <!-- ordersHistoryValidation -->
</testsuite> <!-- Submit Order Test -->
